<?xml version="1.0" encoding="UTF-8"?>
<!-- Generated by org.testng.reporters.JUnitXMLReporter -->
<testsuite ignored="1" hostname="SHAIKIDRUSBASHA" failures="1" tests="1" name="Test" time="8.752" errors="0" timestamp="2024-08-08T21:40:23 IST">
  <testcase classname="com.Amokart.register.test.RegisterTest" name="createUser_invalidData" time="0.0">
    <failure type="org.testng.TestNGException" message="
Method public void com.Amokart.register.test.RegisterTest.createUser_invalidData(java.lang.String,java.lang.String,java.lang.String) requires a @DataProvider named : Register">
      <![CDATA[org.testng.TestNGException: 
Method public void com.Amokart.register.test.RegisterTest.createUser_invalidData(java.lang.String,java.lang.String,java.lang.String) requires a @DataProvider named : Register
at java.base/java.util.ArrayList.forEach(ArrayList.java:1511)
... Removed 24 stack frames]]>
    </failure>
  </testcase> <!-- createUser_invalidData -->
  <testcase classname="com.Amokart.register.test.RegisterTest" name="createUser" time="0.0">
    <ignored/>
  </testcase> <!-- createUser -->
</testsuite> <!-- Test -->
