<?xml version="1.0" encoding="UTF-8"?>
<testng-results ignored="0" total="1" passed="0" failed="1" skipped="0">
  <reporter-output>
    <line>
      <![CDATA[server_Connection done]]>
    </line>
    <line>
      <![CDATA[db connection done]]>
    </line>
    <line>
      <![CDATA[broswerSetup sucessful]]>
    </line>
    <line>
      <![CDATA[close browser sucessful]]>
    </line>
  </reporter-output>
  <suite started-at="2024-08-08T21:40:14 IST" name="Suite" finished-at="2024-08-08T21:40:23 IST" duration-ms="8752">
    <groups>
    </groups>
    <test started-at="2024-08-08T21:40:14 IST" name="Test" finished-at="2024-08-08T21:40:23 IST" duration-ms="8752">
      <class name="com.Amokart.register.test.RegisterTest">
        <test-method is-config="true" signature="serverconnection()[pri:0, instance:com.Amokart.register.test.RegisterTest@25ce9dc4]" started-at="2024-08-08T21:40:14 IST" name="serverconnection" finished-at="2024-08-08T21:40:14 IST" duration-ms="22" status="PASS">
          <reporter-output>
            <line>
              <![CDATA[server_Connection done]]>
            </line>
          </reporter-output>
        </test-method> <!-- serverconnection -->
        <test-method is-config="true" signature="dbconnection()[pri:0, instance:com.Amokart.register.test.RegisterTest@25ce9dc4]" started-at="2024-08-08T21:40:14 IST" name="dbconnection" finished-at="2024-08-08T21:40:14 IST" duration-ms="0" status="PASS">
          <reporter-output>
            <line>
              <![CDATA[db connection done]]>
            </line>
          </reporter-output>
        </test-method> <!-- dbconnection -->
        <test-method is-config="true" signature="broswrsetup()[pri:0, instance:com.Amokart.register.test.RegisterTest@25ce9dc4]" started-at="2024-08-08T21:40:14 IST" name="broswrsetup" finished-at="2024-08-08T21:40:22 IST" duration-ms="8676" status="PASS">
          <reporter-output>
            <line>
              <![CDATA[broswerSetup sucessful]]>
            </line>
          </reporter-output>
        </test-method> <!-- broswrsetup -->
        <test-method signature="createUser_invalidData(java.lang.String,java.lang.String,java.lang.String)[pri:0, instance:com.Amokart.register.test.RegisterTest@25ce9dc4]" started-at="2024-08-08T21:40:23 IST" name="createUser_invalidData" finished-at="2024-08-08T21:40:23 IST" duration-ms="0" status="FAIL">
          <exception class="org.testng.TestNGException">
            <message>
              <![CDATA[
Method public void com.Amokart.register.test.RegisterTest.createUser_invalidData(java.lang.String,java.lang.String,java.lang.String) requires a @DataProvider named : Register]]>
            </message>
            <full-stacktrace>
              <![CDATA[org.testng.TestNGException: 
Method public void com.Amokart.register.test.RegisterTest.createUser_invalidData(java.lang.String,java.lang.String,java.lang.String) requires a @DataProvider named : Register
at org.testng.internal.Parameters.findDataProvider(Parameters.java:526)
at org.testng.internal.Parameters.handleParameters(Parameters.java:763)
at org.testng.internal.Parameters.handleParameters(Parameters.java:728)
at org.testng.internal.invokers.ParameterHandler.handleParameters(ParameterHandler.java:72)
at org.testng.internal.invokers.ParameterHandler.createParameters(ParameterHandler.java:51)
at org.testng.internal.invokers.TestInvoker$MethodInvocationAgent.invoke(TestInvoker.java:911)
at org.testng.internal.invokers.TestInvoker.invokeTestMethods(TestInvoker.java:200)
at org.testng.internal.invokers.TestMethodWorker.invokeTestMethods(TestMethodWorker.java:148)
at org.testng.internal.invokers.TestMethodWorker.run(TestMethodWorker.java:128)
at java.base/java.util.ArrayList.forEach(ArrayList.java:1511)
at org.testng.TestRunner.privateRun(TestRunner.java:848)
at org.testng.TestRunner.run(TestRunner.java:621)
at org.testng.SuiteRunner.runTest(SuiteRunner.java:443)
at org.testng.SuiteRunner.runSequentially(SuiteRunner.java:437)
at org.testng.SuiteRunner.privateRun(SuiteRunner.java:397)
at org.testng.SuiteRunner.run(SuiteRunner.java:336)
at org.testng.SuiteRunnerWorker.runSuite(SuiteRunnerWorker.java:52)
at org.testng.SuiteRunnerWorker.run(SuiteRunnerWorker.java:95)
at org.testng.TestNG.runSuitesSequentially(TestNG.java:1280)
at org.testng.TestNG.runSuitesLocally(TestNG.java:1200)
at org.testng.TestNG.runSuites(TestNG.java:1114)
at org.testng.TestNG.run(TestNG.java:1082)
at org.testng.remote.AbstractRemoteTestNG.run(AbstractRemoteTestNG.java:115)
at org.testng.remote.RemoteTestNG.initAndRun(RemoteTestNG.java:251)
at org.testng.remote.RemoteTestNG.main(RemoteTestNG.java:77)
]]>
            </full-stacktrace>
          </exception> <!-- org.testng.TestNGException -->
          <reporter-output>
          </reporter-output>
        </test-method> <!-- createUser_invalidData -->
        <test-method is-config="true" signature="closeBrowser()[pri:0, instance:com.Amokart.register.test.RegisterTest@25ce9dc4]" started-at="2024-08-08T21:40:23 IST" name="closeBrowser" finished-at="2024-08-08T21:40:23 IST" duration-ms="1" status="PASS">
          <reporter-output>
            <line>
              <![CDATA[close browser sucessful]]>
            </line>
          </reporter-output>
        </test-method> <!-- closeBrowser -->
      </class> <!-- com.Amokart.register.test.RegisterTest -->
    </test> <!-- Test -->
  </suite> <!-- Suite -->
</testng-results>
